06-22-2023 @ 16:34:10 - ---[ New import started at 2023-06-22 11:34:10 ] PHP Memory: 2 GB, WP Memory: 40 MB
06-22-2023 @ 16:34:10 - Preparing for import.
06-22-2023 @ 16:34:10 - Row :1 - Parsing item.
06-22-2023 @ 16:34:10 - Row :1 - Parsing failed. Reason: User with same Email already exists. Email: ahmadusman380787@gmail.com
06-22-2023 @ 16:34:10 - Row :2 - Parsing item.
06-22-2023 @ 16:34:10 - Row :2 - Parsing failed. Reason: User with same Email already exists. Email: techsupport@vrtechsol.com
06-22-2023 @ 16:34:10 - Row :3 - Parsing item.
06-22-2023 @ 16:34:10 - Row :3 - Parsing failed. Reason: User with same Email already exists. Email: faisalfaizan087@gmail.com
06-22-2023 @ 16:34:10 - Row :4 - Parsing item.
06-22-2023 @ 16:34:10 - Row :4 - Parsing failed. Reason: User with same Email already exists. Email: instructor1@instructor.com
06-22-2023 @ 16:34:10 - Row :5 - Parsing item.
06-22-2023 @ 16:34:10 - Row :5 - Parsing failed. Reason: User with same Email already exists. Email: instructor10@instructor.com
06-22-2023 @ 16:34:10 - Row :6 - Parsing item.
06-22-2023 @ 16:34:10 - Row :6 - Parsing failed. Reason: User with same Email already exists. Email: instructor2@instructor.com
06-22-2023 @ 16:34:10 - Row :7 - Parsing item.
06-22-2023 @ 16:34:10 - Row :7 - Parsing failed. Reason: User with same Email already exists. Email: instructor21@instructor.com
06-22-2023 @ 16:34:10 - Row :8 - Parsing item.
06-22-2023 @ 16:34:10 - Row :8 - Parsing failed. Reason: User with same Email already exists. Email: hildajarrod@econgate.com
06-22-2023 @ 16:34:10 - Row :9 - Parsing item.
06-22-2023 @ 16:34:10 - Row :9 - Parsing failed. Reason: User with same Email already exists. Email: maniusman97@gmail.com
06-22-2023 @ 16:34:10 - Row :10 - Parsing item.
06-22-2023 @ 16:34:10 - Row :10 - Parsing failed. Reason: User with same Email already exists. Email: qalamcounseling@gmail.com
06-22-2023 @ 16:34:11 - Preparing for import.
06-22-2023 @ 16:34:11 - Row :11 - Parsing item.
06-22-2023 @ 16:34:11 - Row :11 - Parsing failed. Reason: User with same Email already exists. Email: d53odj@qiott.com
06-22-2023 @ 16:34:11 - Row :12 - Parsing item.
06-22-2023 @ 16:34:11 - Row :12 - Processing item.
06-22-2023 @ 16:34:11 - Processing users.
06-22-2023 @ 16:34:12 - > &#8220;15&#8221;User imported successfully. ID:15
06-22-2023 @ 16:34:12 - > Finished importing user 15
06-22-2023 @ 16:34:12 - Row :12 - User imported successfully.
06-22-2023 @ 16:34:12 - Row :13 - Parsing item.
06-22-2023 @ 16:34:12 - Row :13 - Parsing failed. Reason: User with same Email already exists. Email: shayanfaisal1122@gmail.com
06-22-2023 @ 16:34:12 - ---[ Import ended at 2023-06-22 11:34:12]---
