Dec 19 2024 07:21:27
{"type":2,"message":"dns_get_record(): DNS Query failed","file":"C:\\xampp\\htdocs\\github-repo\\wp-content\\plugins\\wordfence\\lib\\wfUtils.php","line":1021}

Dec 19 2024 07:21:42
{"type":2,"message":"dns_get_record(): DNS Query failed","file":"C:\\xampp\\htdocs\\github-repo\\wp-content\\plugins\\wordfence\\lib\\wfUtils.php","line":1021}

Dec 19 2024 07:21:46
{"type":2,"message":"dns_get_record(): DNS Query failed","file":"C:\\xampp\\htdocs\\github-repo\\wp-content\\plugins\\wordfence\\lib\\wfUtils.php","line":1021}

Dec 19 2024 07:21:49
{"type":2,"message":"dns_get_record(): DNS Query failed","file":"C:\\xampp\\htdocs\\github-repo\\wp-content\\plugins\\wordfence\\lib\\wfUtils.php","line":1021}

Dec 19 2024 07:21:52
{"type":2,"message":"dns_get_record(): DNS Query failed","file":"C:\\xampp\\htdocs\\github-repo\\wp-content\\plugins\\wordfence\\lib\\wfUtils.php","line":1021}

Dec 19 2024 07:21:56
{"type":2,"message":"dns_get_record(): DNS Query failed","file":"C:\\xampp\\htdocs\\github-repo\\wp-content\\plugins\\wordfence\\lib\\wfUtils.php","line":1021}

Dec 19 2024 07:22:34
{"type":2,"message":"dns_get_record(): DNS Query failed","file":"C:\\xampp\\htdocs\\github-repo\\wp-content\\plugins\\wordfence\\lib\\wfUtils.php","line":1021}

Dec 19 2024 07:22:40
{"type":2,"message":"dns_get_record(): DNS Query failed","file":"C:\\xampp\\htdocs\\github-repo\\wp-content\\plugins\\wordfence\\lib\\wfUtils.php","line":1021}

Dec 19 2024 07:22:45
{"type":2,"message":"dns_get_record(): DNS Query failed","file":"C:\\xampp\\htdocs\\github-repo\\wp-content\\plugins\\wordfence\\lib\\wfUtils.php","line":1021}

Dec 19 2024 07:22:59
{"type":2,"message":"dns_get_record(): DNS Query failed","file":"C:\\xampp\\htdocs\\github-repo\\wp-content\\plugins\\wordfence\\lib\\wfUtils.php","line":1021}

Dec 19 2024 07:23:13
{"type":2,"message":"dns_get_record(): DNS Query failed","file":"C:\\xampp\\htdocs\\github-repo\\wp-content\\plugins\\wordfence\\lib\\wfUtils.php","line":1021}

Dec 19 2024 07:23:26
{"type":2,"message":"dns_get_record(): DNS Query failed","file":"C:\\xampp\\htdocs\\github-repo\\wp-content\\plugins\\wordfence\\lib\\wfUtils.php","line":1021}

Dec 19 2024 07:23:46
{"type":2,"message":"dns_get_record(): DNS Query failed","file":"C:\\xampp\\htdocs\\github-repo\\wp-content\\plugins\\wordfence\\lib\\wfUtils.php","line":1021}

Dec 19 2024 07:24:01
{"type":2,"message":"dns_get_record(): DNS Query failed","file":"C:\\xampp\\htdocs\\github-repo\\wp-content\\plugins\\wordfence\\lib\\wfUtils.php","line":1021}

Dec 19 2024 07:24:16
{"type":2,"message":"dns_get_record(): DNS Query failed","file":"C:\\xampp\\htdocs\\github-repo\\wp-content\\plugins\\wordfence\\lib\\wfUtils.php","line":1021}

Dec 19 2024 07:24:30
{"type":2,"message":"dns_get_record(): DNS Query failed","file":"C:\\xampp\\htdocs\\github-repo\\wp-content\\plugins\\wordfence\\lib\\wfUtils.php","line":1021}

Dec 19 2024 07:24:43
{"type":2,"message":"dns_get_record(): DNS Query failed","file":"C:\\xampp\\htdocs\\github-repo\\wp-content\\plugins\\wordfence\\lib\\wfUtils.php","line":1021}

Dec 19 2024 07:24:57
{"type":2,"message":"dns_get_record(): DNS Query failed","file":"C:\\xampp\\htdocs\\github-repo\\wp-content\\plugins\\wordfence\\lib\\wfUtils.php","line":1021}

Dec 19 2024 07:25:12
{"type":2,"message":"dns_get_record(): DNS Query failed","file":"C:\\xampp\\htdocs\\github-repo\\wp-content\\plugins\\wordfence\\lib\\wfUtils.php","line":1021}

Dec 19 2024 07:25:26
{"type":2,"message":"dns_get_record(): DNS Query failed","file":"C:\\xampp\\htdocs\\github-repo\\wp-content\\plugins\\wordfence\\lib\\wfUtils.php","line":1021}

Dec 19 2024 07:25:42
{"type":2,"message":"dns_get_record(): DNS Query failed","file":"C:\\xampp\\htdocs\\github-repo\\wp-content\\plugins\\wordfence\\lib\\wfUtils.php","line":1021}

Dec 19 2024 07:25:56
{"type":2,"message":"dns_get_record(): DNS Query failed","file":"C:\\xampp\\htdocs\\github-repo\\wp-content\\plugins\\wordfence\\lib\\wfUtils.php","line":1021}

Dec 19 2024 07:26:10
{"type":2,"message":"dns_get_record(): DNS Query failed","file":"C:\\xampp\\htdocs\\github-repo\\wp-content\\plugins\\wordfence\\lib\\wfUtils.php","line":1021}

Dec 19 2024 07:26:18
{"type":2,"message":"dns_get_record(): DNS Query failed","file":"C:\\xampp\\htdocs\\github-repo\\wp-content\\plugins\\wordfence\\lib\\wfUtils.php","line":1021}

Dec 19 2024 07:26:23
{"type":2,"message":"dns_get_record(): DNS Query failed","file":"C:\\xampp\\htdocs\\github-repo\\wp-content\\plugins\\wordfence\\lib\\wfUtils.php","line":1021}

Dec 19 2024 07:26:27
{"type":2,"message":"dns_get_record(): DNS Query failed","file":"C:\\xampp\\htdocs\\github-repo\\wp-content\\plugins\\wordfence\\lib\\wfUtils.php","line":1021}

Dec 19 2024 07:26:43
{"type":2,"message":"dns_get_record(): DNS Query failed","file":"C:\\xampp\\htdocs\\github-repo\\wp-content\\plugins\\wordfence\\lib\\wfUtils.php","line":1021}

Dec 19 2024 07:27:09
{"Number":2,"Message":"Undefined array key \"accent-color\"","File":"C:\\xampp\\htdocs\\github-repo\\wp-content\\themes\\salient\\css\\colors.php","Line":58}

Dec 19 2024 07:27:09
{"Number":2,"Message":"Undefined array key \"accent-color\"","File":"C:\\xampp\\htdocs\\github-repo\\wp-content\\themes\\salient\\css\\colors.php","Line":79}

Dec 19 2024 07:27:09
{"Number":2,"Message":"Undefined array key \"accent-color\"","File":"C:\\xampp\\htdocs\\github-repo\\wp-content\\themes\\salient\\css\\colors.php","Line":171}

Dec 19 2024 07:27:09
{"Number":2,"Message":"Undefined array key \"accent-color\"","File":"C:\\xampp\\htdocs\\github-repo\\wp-content\\themes\\salient\\css\\colors.php","Line":238}

Dec 19 2024 07:27:09
{"Number":2,"Message":"Undefined array key \"accent-color\"","File":"C:\\xampp\\htdocs\\github-repo\\wp-content\\themes\\salient\\css\\colors.php","Line":371}

Dec 19 2024 07:27:09
{"Number":2,"Message":"Undefined array key \"accent-color\"","File":"C:\\xampp\\htdocs\\github-repo\\wp-content\\themes\\salient\\css\\colors.php","Line":395}

Dec 19 2024 07:27:09
{"Number":2,"Message":"Undefined array key \"accent-color\"","File":"C:\\xampp\\htdocs\\github-repo\\wp-content\\themes\\salient\\css\\colors.php","Line":398}

Dec 19 2024 07:27:09
{"Number":2,"Message":"Undefined array key \"accent-color\"","File":"C:\\xampp\\htdocs\\github-repo\\wp-content\\themes\\salient\\css\\colors.php","Line":402}

Dec 19 2024 07:27:09
{"Number":2,"Message":"Undefined array key \"accent-color\"","File":"C:\\xampp\\htdocs\\github-repo\\wp-content\\themes\\salient\\css\\colors.php","Line":454}

Dec 19 2024 07:27:09
{"Number":2,"Message":"Undefined array key \"accent-color\"","File":"C:\\xampp\\htdocs\\github-repo\\wp-content\\themes\\salient\\css\\colors.php","Line":489}

Dec 19 2024 07:27:09
{"Number":2,"Message":"Undefined array key \"accent-color\"","File":"C:\\xampp\\htdocs\\github-repo\\wp-content\\themes\\salient\\css\\colors.php","Line":667}

Dec 19 2024 07:27:09
{"Number":2,"Message":"Undefined array key \"accent-color\"","File":"C:\\xampp\\htdocs\\github-repo\\wp-content\\themes\\salient\\css\\colors.php","Line":671}

Dec 19 2024 07:27:09
{"Number":2,"Message":"Undefined array key \"accent-color\"","File":"C:\\xampp\\htdocs\\github-repo\\wp-content\\themes\\salient\\css\\colors.php","Line":675}

Dec 19 2024 07:27:09
{"Number":2,"Message":"Undefined array key \"accent-color\"","File":"C:\\xampp\\htdocs\\github-repo\\wp-content\\themes\\salient\\css\\colors.php","Line":679}

Dec 19 2024 07:27:09
{"Number":2,"Message":"Undefined array key \"accent-color\"","File":"C:\\xampp\\htdocs\\github-repo\\wp-content\\themes\\salient\\css\\colors.php","Line":684}

Dec 19 2024 07:27:09
{"Number":2,"Message":"Undefined array key \"accent-color\"","File":"C:\\xampp\\htdocs\\github-repo\\wp-content\\themes\\salient\\css\\colors.php","Line":684}

Dec 19 2024 07:27:09
{"Number":2,"Message":"Undefined array key \"accent-color\"","File":"C:\\xampp\\htdocs\\github-repo\\wp-content\\themes\\salient\\css\\colors.php","Line":689}

Dec 19 2024 07:27:09
{"Number":2,"Message":"Undefined array key \"accent-color\"","File":"C:\\xampp\\htdocs\\github-repo\\wp-content\\themes\\salient\\css\\colors.php","Line":689}

Dec 19 2024 07:27:09
{"Number":2,"Message":"Undefined array key \"accent-color\"","File":"C:\\xampp\\htdocs\\github-repo\\wp-content\\themes\\salient\\css\\colors.php","Line":693}

Dec 19 2024 07:27:09
{"Number":2,"Message":"Undefined array key \"accent-color\"","File":"C:\\xampp\\htdocs\\github-repo\\wp-content\\themes\\salient\\css\\colors.php","Line":694}

Dec 19 2024 07:27:09
{"Number":2,"Message":"Undefined array key \"accent-color\"","File":"C:\\xampp\\htdocs\\github-repo\\wp-content\\themes\\salient\\css\\colors.php","Line":695}

Dec 19 2024 07:27:09
{"Number":2,"Message":"Undefined array key \"accent-color\"","File":"C:\\xampp\\htdocs\\github-repo\\wp-content\\themes\\salient\\css\\colors.php","Line":696}

Dec 19 2024 07:27:09
{"Number":2,"Message":"Undefined array key \"accent-color\"","File":"C:\\xampp\\htdocs\\github-repo\\wp-content\\themes\\salient\\css\\colors.php","Line":697}

Dec 19 2024 07:27:09
{"Number":2,"Message":"Undefined array key \"accent-color\"","File":"C:\\xampp\\htdocs\\github-repo\\wp-content\\themes\\salient\\css\\colors.php","Line":698}

Dec 19 2024 07:27:09
{"Number":2,"Message":"Undefined array key \"accent-color\"","File":"C:\\xampp\\htdocs\\github-repo\\wp-content\\themes\\salient\\css\\colors.php","Line":699}

Dec 19 2024 07:27:09
{"Number":2,"Message":"Undefined array key \"accent-color\"","File":"C:\\xampp\\htdocs\\github-repo\\wp-content\\themes\\salient\\css\\colors.php","Line":700}

Dec 19 2024 07:27:09
{"Number":2,"Message":"Undefined array key \"accent-color\"","File":"C:\\xampp\\htdocs\\github-repo\\wp-content\\themes\\salient\\css\\colors.php","Line":706}

Dec 19 2024 07:27:09
{"Number":2,"Message":"Undefined array key \"accent-color\"","File":"C:\\xampp\\htdocs\\github-repo\\wp-content\\themes\\salient\\css\\colors.php","Line":707}

Dec 19 2024 07:27:09
{"Number":2,"Message":"Undefined array key \"accent-color\"","File":"C:\\xampp\\htdocs\\github-repo\\wp-content\\themes\\salient\\css\\colors.php","Line":711}

Dec 19 2024 07:27:09
{"Number":2,"Message":"Undefined array key \"accent-color\"","File":"C:\\xampp\\htdocs\\github-repo\\wp-content\\themes\\salient\\css\\colors.php","Line":716}

Dec 19 2024 07:27:09
{"Number":2,"Message":"Undefined array key \"accent-color\"","File":"C:\\xampp\\htdocs\\github-repo\\wp-content\\themes\\salient\\css\\colors.php","Line":725}

Dec 19 2024 07:27:09
{"Number":2,"Message":"Undefined array key \"accent-color\"","File":"C:\\xampp\\htdocs\\github-repo\\wp-content\\themes\\salient\\css\\colors.php","Line":730}

Dec 19 2024 07:27:09
{"Number":2,"Message":"Undefined array key \"accent-color\"","File":"C:\\xampp\\htdocs\\github-repo\\wp-content\\themes\\salient\\css\\colors.php","Line":734}

Dec 19 2024 07:27:09
{"Number":2,"Message":"Undefined array key \"accent-color\"","File":"C:\\xampp\\htdocs\\github-repo\\wp-content\\themes\\salient\\css\\colors.php","Line":1043}

Dec 19 2024 07:27:09
{"Number":2,"Message":"Undefined array key \"accent-color\"","File":"C:\\xampp\\htdocs\\github-repo\\wp-content\\themes\\salient\\css\\custom.php","Line":611}

Dec 19 2024 07:27:09
{"Number":2,"Message":"Undefined array key \"body_font_style\"","File":"C:\\xampp\\htdocs\\github-repo\\wp-content\\themes\\salient\\css\\fonts.php","Line":144}

Dec 19 2024 07:27:09
{"Number":8192,"Message":"explode(): Passing null to parameter #2 ($string) of type string is deprecated","File":"C:\\xampp\\htdocs\\github-repo\\wp-content\\themes\\salient\\css\\fonts.php","Line":144}

Dec 19 2024 07:27:09
{"Number":2,"Message":"Undefined array key \"body_font_size\"","File":"C:\\xampp\\htdocs\\github-repo\\wp-content\\themes\\salient\\css\\fonts.php","Line":146}

Dec 19 2024 07:27:09
{"Number":8192,"Message":"substr(): Passing null to parameter #1 ($string) of type string is deprecated","File":"C:\\xampp\\htdocs\\github-repo\\wp-content\\themes\\salient\\css\\fonts.php","Line":146}

Dec 19 2024 07:27:09
{"Number":2,"Message":"Undefined array key \"body_font_family\"","File":"C:\\xampp\\htdocs\\github-repo\\wp-content\\themes\\salient\\css\\fonts.php","Line":150}

Dec 19 2024 07:27:09
{"Number":2,"Message":"Undefined array key \"logo_font_style\"","File":"C:\\xampp\\htdocs\\github-repo\\wp-content\\themes\\salient\\css\\fonts.php","Line":261}

Dec 19 2024 07:27:09
{"Number":8192,"Message":"explode(): Passing null to parameter #2 ($string) of type string is deprecated","File":"C:\\xampp\\htdocs\\github-repo\\wp-content\\themes\\salient\\css\\fonts.php","Line":261}

Dec 19 2024 07:27:09
{"Number":2,"Message":"Undefined array key \"logo_font_size\"","File":"C:\\xampp\\htdocs\\github-repo\\wp-content\\themes\\salient\\css\\fonts.php","Line":263}

Dec 19 2024 07:27:09
{"Number":8192,"Message":"substr(): Passing null to parameter #1 ($string) of type string is deprecated","File":"C:\\xampp\\htdocs\\github-repo\\wp-content\\themes\\salient\\css\\fonts.php","Line":263}

Dec 19 2024 07:27:09
{"Number":2,"Message":"Undefined array key \"logo_font_family\"","File":"C:\\xampp\\htdocs\\github-repo\\wp-content\\themes\\salient\\css\\fonts.php","Line":265}

Dec 19 2024 07:27:09
{"Number":2,"Message":"Undefined array key \"navigation_font_style\"","File":"C:\\xampp\\htdocs\\github-repo\\wp-content\\themes\\salient\\css\\fonts.php","Line":304}

Dec 19 2024 07:27:09
{"Number":8192,"Message":"explode(): Passing null to parameter #2 ($string) of type string is deprecated","File":"C:\\xampp\\htdocs\\github-repo\\wp-content\\themes\\salient\\css\\fonts.php","Line":304}

Dec 19 2024 07:27:09
{"Number":2,"Message":"Undefined array key \"navigation_font_size\"","File":"C:\\xampp\\htdocs\\github-repo\\wp-content\\themes\\salient\\css\\fonts.php","Line":306}

Dec 19 2024 07:27:09
{"Number":8192,"Message":"substr(): Passing null to parameter #1 ($string) of type string is deprecated","File":"C:\\xampp\\htdocs\\github-repo\\wp-content\\themes\\salient\\css\\fonts.php","Line":306}

Dec 19 2024 07:27:09
{"Number":2,"Message":"Undefined array key \"navigation_font_family\"","File":"C:\\xampp\\htdocs\\github-repo\\wp-content\\themes\\salient\\css\\fonts.php","Line":308}

Dec 19 2024 07:27:09
{"Number":2,"Message":"Undefined array key \"navigation_dropdown_font_style\"","File":"C:\\xampp\\htdocs\\github-repo\\wp-content\\themes\\salient\\css\\fonts.php","Line":367}

Dec 19 2024 07:27:09
{"Number":8192,"Message":"explode(): Passing null to parameter #2 ($string) of type string is deprecated","File":"C:\\xampp\\htdocs\\github-repo\\wp-content\\themes\\salient\\css\\fonts.php","Line":367}

Dec 19 2024 07:27:09
{"Number":2,"Message":"Undefined array key \"navigation_dropdown_font_size\"","File":"C:\\xampp\\htdocs\\github-repo\\wp-content\\themes\\salient\\css\\fonts.php","Line":368}

Dec 19 2024 07:27:09
{"Number":8192,"Message":"substr(): Passing null to parameter #1 ($string) of type string is deprecated","File":"C:\\xampp\\htdocs\\github-repo\\wp-content\\themes\\salient\\css\\fonts.php","Line":368}

Dec 19 2024 07:27:09
{"Number":2,"Message":"Undefined array key \"navigation_dropdown_font_family\"","File":"C:\\xampp\\htdocs\\github-repo\\wp-content\\themes\\salient\\css\\fonts.php","Line":370}

Dec 19 2024 07:27:09
{"Number":2,"Message":"Undefined array key \"h1_font_style\"","File":"C:\\xampp\\htdocs\\github-repo\\wp-content\\themes\\salient\\css\\fonts.php","Line":394}

Dec 19 2024 07:27:09
{"Number":8192,"Message":"explode(): Passing null to parameter #2 ($string) of type string is deprecated","File":"C:\\xampp\\htdocs\\github-repo\\wp-content\\themes\\salient\\css\\fonts.php","Line":394}

Dec 19 2024 07:27:09
{"Number":2,"Message":"Undefined array key \"h1_font_size\"","File":"C:\\xampp\\htdocs\\github-repo\\wp-content\\themes\\salient\\css\\fonts.php","Line":396}

Dec 19 2024 07:27:09
{"Number":8192,"Message":"substr(): Passing null to parameter #1 ($string) of type string is deprecated","File":"C:\\xampp\\htdocs\\github-repo\\wp-content\\themes\\salient\\css\\fonts.php","Line":396}

Dec 19 2024 07:27:09
{"Number":2,"Message":"Undefined array key \"h1_font_family\"","File":"C:\\xampp\\htdocs\\github-repo\\wp-content\\themes\\salient\\css\\fonts.php","Line":398}

Dec 19 2024 07:27:09
{"Number":2,"Message":"Undefined array key \"h2_font_style\"","File":"C:\\xampp\\htdocs\\github-repo\\wp-content\\themes\\salient\\css\\fonts.php","Line":475}

Dec 19 2024 07:27:09
{"Number":8192,"Message":"explode(): Passing null to parameter #2 ($string) of type string is deprecated","File":"C:\\xampp\\htdocs\\github-repo\\wp-content\\themes\\salient\\css\\fonts.php","Line":475}

Dec 19 2024 07:27:09
{"Number":2,"Message":"Undefined array key \"h2_font_size\"","File":"C:\\xampp\\htdocs\\github-repo\\wp-content\\themes\\salient\\css\\fonts.php","Line":477}

Dec 19 2024 07:27:09
{"Number":8192,"Message":"substr(): Passing null to parameter #1 ($string) of type string is deprecated","File":"C:\\xampp\\htdocs\\github-repo\\wp-content\\themes\\salient\\css\\fonts.php","Line":477}

Dec 19 2024 07:27:09
{"Number":2,"Message":"Undefined array key \"h2_font_family\"","File":"C:\\xampp\\htdocs\\github-repo\\wp-content\\themes\\salient\\css\\fonts.php","Line":480}

Dec 19 2024 07:27:09
{"Number":2,"Message":"Undefined array key \"h3_font_style\"","File":"C:\\xampp\\htdocs\\github-repo\\wp-content\\themes\\salient\\css\\fonts.php","Line":619}

Dec 19 2024 07:27:09
{"Number":8192,"Message":"explode(): Passing null to parameter #2 ($string) of type string is deprecated","File":"C:\\xampp\\htdocs\\github-repo\\wp-content\\themes\\salient\\css\\fonts.php","Line":619}

Dec 19 2024 07:27:09
{"Number":2,"Message":"Undefined array key \"h3_font_size\"","File":"C:\\xampp\\htdocs\\github-repo\\wp-content\\themes\\salient\\css\\fonts.php","Line":621}

Dec 19 2024 07:27:09
{"Number":8192,"Message":"substr(): Passing null to parameter #1 ($string) of type string is deprecated","File":"C:\\xampp\\htdocs\\github-repo\\wp-content\\themes\\salient\\css\\fonts.php","Line":621}

Dec 19 2024 07:27:09
{"Number":2,"Message":"Undefined array key \"h3_font_family\"","File":"C:\\xampp\\htdocs\\github-repo\\wp-content\\themes\\salient\\css\\fonts.php","Line":623}

Dec 19 2024 07:27:09
{"Number":2,"Message":"Undefined array key \"h4_font_style\"","File":"C:\\xampp\\htdocs\\github-repo\\wp-content\\themes\\salient\\css\\fonts.php","Line":789}

Dec 19 2024 07:27:09
{"Number":8192,"Message":"explode(): Passing null to parameter #2 ($string) of type string is deprecated","File":"C:\\xampp\\htdocs\\github-repo\\wp-content\\themes\\salient\\css\\fonts.php","Line":789}

Dec 19 2024 07:27:09
{"Number":2,"Message":"Undefined array key \"h4_font_size\"","File":"C:\\xampp\\htdocs\\github-repo\\wp-content\\themes\\salient\\css\\fonts.php","Line":791}

Dec 19 2024 07:27:09
{"Number":8192,"Message":"substr(): Passing null to parameter #1 ($string) of type string is deprecated","File":"C:\\xampp\\htdocs\\github-repo\\wp-content\\themes\\salient\\css\\fonts.php","Line":791}

Dec 19 2024 07:27:09
{"Number":2,"Message":"Undefined array key \"h4_font_family\"","File":"C:\\xampp\\htdocs\\github-repo\\wp-content\\themes\\salient\\css\\fonts.php","Line":794}

Dec 19 2024 07:27:09
{"Number":2,"Message":"Undefined array key \"h5_font_style\"","File":"C:\\xampp\\htdocs\\github-repo\\wp-content\\themes\\salient\\css\\fonts.php","Line":940}

Dec 19 2024 07:27:09
{"Number":8192,"Message":"explode(): Passing null to parameter #2 ($string) of type string is deprecated","File":"C:\\xampp\\htdocs\\github-repo\\wp-content\\themes\\salient\\css\\fonts.php","Line":940}

Dec 19 2024 07:27:09
{"Number":2,"Message":"Undefined array key \"h5_font_size\"","File":"C:\\xampp\\htdocs\\github-repo\\wp-content\\themes\\salient\\css\\fonts.php","Line":942}

Dec 19 2024 07:27:09
{"Number":8192,"Message":"substr(): Passing null to parameter #1 ($string) of type string is deprecated","File":"C:\\xampp\\htdocs\\github-repo\\wp-content\\themes\\salient\\css\\fonts.php","Line":942}

Dec 19 2024 07:27:09
{"Number":2,"Message":"Undefined array key \"h5_font_family\"","File":"C:\\xampp\\htdocs\\github-repo\\wp-content\\themes\\salient\\css\\fonts.php","Line":944}

Dec 19 2024 07:27:09
{"Number":2,"Message":"Undefined array key \"h6_font_style\"","File":"C:\\xampp\\htdocs\\github-repo\\wp-content\\themes\\salient\\css\\fonts.php","Line":1050}

Dec 19 2024 07:27:09
{"Number":8192,"Message":"explode(): Passing null to parameter #2 ($string) of type string is deprecated","File":"C:\\xampp\\htdocs\\github-repo\\wp-content\\themes\\salient\\css\\fonts.php","Line":1050}

Dec 19 2024 07:27:09
{"Number":2,"Message":"Undefined array key \"h6_font_size\"","File":"C:\\xampp\\htdocs\\github-repo\\wp-content\\themes\\salient\\css\\fonts.php","Line":1052}

Dec 19 2024 07:27:09
{"Number":8192,"Message":"substr(): Passing null to parameter #1 ($string) of type string is deprecated","File":"C:\\xampp\\htdocs\\github-repo\\wp-content\\themes\\salient\\css\\fonts.php","Line":1052}

Dec 19 2024 07:27:09
{"Number":2,"Message":"Undefined array key \"h6_font_family\"","File":"C:\\xampp\\htdocs\\github-repo\\wp-content\\themes\\salient\\css\\fonts.php","Line":1054}

Dec 19 2024 07:27:09
{"Number":2,"Message":"Undefined array key \"i_font_style\"","File":"C:\\xampp\\htdocs\\github-repo\\wp-content\\themes\\salient\\css\\fonts.php","Line":1108}

Dec 19 2024 07:27:09
{"Number":8192,"Message":"explode(): Passing null to parameter #2 ($string) of type string is deprecated","File":"C:\\xampp\\htdocs\\github-repo\\wp-content\\themes\\salient\\css\\fonts.php","Line":1108}

Dec 19 2024 07:27:09
{"Number":2,"Message":"Undefined array key \"i_font_size\"","File":"C:\\xampp\\htdocs\\github-repo\\wp-content\\themes\\salient\\css\\fonts.php","Line":1110}

Dec 19 2024 07:27:09
{"Number":8192,"Message":"substr(): Passing null to parameter #1 ($string) of type string is deprecated","File":"C:\\xampp\\htdocs\\github-repo\\wp-content\\themes\\salient\\css\\fonts.php","Line":1110}

Dec 19 2024 07:27:09
{"Number":2,"Message":"Undefined array key \"i_font_family\"","File":"C:\\xampp\\htdocs\\github-repo\\wp-content\\themes\\salient\\css\\fonts.php","Line":1112}

Dec 19 2024 07:27:09
{"Number":2,"Message":"Undefined array key \"label_font_style\"","File":"C:\\xampp\\htdocs\\github-repo\\wp-content\\themes\\salient\\css\\fonts.php","Line":1164}

Dec 19 2024 07:27:09
{"Number":8192,"Message":"explode(): Passing null to parameter #2 ($string) of type string is deprecated","File":"C:\\xampp\\htdocs\\github-repo\\wp-content\\themes\\salient\\css\\fonts.php","Line":1164}

Dec 19 2024 07:27:09
{"Number":2,"Message":"Undefined array key \"label_font_size\"","File":"C:\\xampp\\htdocs\\github-repo\\wp-content\\themes\\salient\\css\\fonts.php","Line":1166}

Dec 19 2024 07:27:09
{"Number":8192,"Message":"substr(): Passing null to parameter #1 ($string) of type string is deprecated","File":"C:\\xampp\\htdocs\\github-repo\\wp-content\\themes\\salient\\css\\fonts.php","Line":1166}

Dec 19 2024 07:27:09
{"Number":2,"Message":"Undefined array key \"label_font_family\"","File":"C:\\xampp\\htdocs\\github-repo\\wp-content\\themes\\salient\\css\\fonts.php","Line":1168}

Dec 19 2024 07:27:09
{"Number":2,"Message":"Undefined array key \"portfolio_filters_font_style\"","File":"C:\\xampp\\htdocs\\github-repo\\wp-content\\themes\\salient\\css\\fonts.php","Line":1249}

Dec 19 2024 07:27:09
{"Number":8192,"Message":"explode(): Passing null to parameter #2 ($string) of type string is deprecated","File":"C:\\xampp\\htdocs\\github-repo\\wp-content\\themes\\salient\\css\\fonts.php","Line":1249}

Dec 19 2024 07:27:09
{"Number":2,"Message":"Undefined array key \"portfolio_filters_font_size\"","File":"C:\\xampp\\htdocs\\github-repo\\wp-content\\themes\\salient\\css\\fonts.php","Line":1251}

Dec 19 2024 07:27:09
{"Number":8192,"Message":"substr(): Passing null to parameter #1 ($string) of type string is deprecated","File":"C:\\xampp\\htdocs\\github-repo\\wp-content\\themes\\salient\\css\\fonts.php","Line":1251}

Dec 19 2024 07:27:09
{"Number":2,"Message":"Undefined array key \"portfolio_filters_font_family\"","File":"C:\\xampp\\htdocs\\github-repo\\wp-content\\themes\\salient\\css\\fonts.php","Line":1253}

Dec 19 2024 07:27:09
{"Number":2,"Message":"Undefined array key \"portfolio_caption_font_style\"","File":"C:\\xampp\\htdocs\\github-repo\\wp-content\\themes\\salient\\css\\fonts.php","Line":1276}

Dec 19 2024 07:27:09
{"Number":8192,"Message":"explode(): Passing null to parameter #2 ($string) of type string is deprecated","File":"C:\\xampp\\htdocs\\github-repo\\wp-content\\themes\\salient\\css\\fonts.php","Line":1276}

Dec 19 2024 07:27:09
{"Number":2,"Message":"Undefined array key \"portfolio_caption_font_size\"","File":"C:\\xampp\\htdocs\\github-repo\\wp-content\\themes\\salient\\css\\fonts.php","Line":1278}

Dec 19 2024 07:27:09
{"Number":8192,"Message":"substr(): Passing null to parameter #1 ($string) of type string is deprecated","File":"C:\\xampp\\htdocs\\github-repo\\wp-content\\themes\\salient\\css\\fonts.php","Line":1278}

Dec 19 2024 07:27:09
{"Number":2,"Message":"Undefined array key \"portfolio_caption_font_family\"","File":"C:\\xampp\\htdocs\\github-repo\\wp-content\\themes\\salient\\css\\fonts.php","Line":1280}

Dec 19 2024 07:27:09
{"Number":2,"Message":"Undefined array key \"nectar_dropcap_font_style\"","File":"C:\\xampp\\htdocs\\github-repo\\wp-content\\themes\\salient\\css\\fonts.php","Line":1295}

Dec 19 2024 07:27:09
{"Number":8192,"Message":"explode(): Passing null to parameter #2 ($string) of type string is deprecated","File":"C:\\xampp\\htdocs\\github-repo\\wp-content\\themes\\salient\\css\\fonts.php","Line":1295}

Dec 19 2024 07:27:09
{"Number":2,"Message":"Undefined array key \"nectar_dropcap_font_size\"","File":"C:\\xampp\\htdocs\\github-repo\\wp-content\\themes\\salient\\css\\fonts.php","Line":1297}

Dec 19 2024 07:27:09
{"Number":8192,"Message":"substr(): Passing null to parameter #1 ($string) of type string is deprecated","File":"C:\\xampp\\htdocs\\github-repo\\wp-content\\themes\\salient\\css\\fonts.php","Line":1297}

Dec 19 2024 07:27:09
{"Number":2,"Message":"Undefined array key \"nectar_dropcap_font_family\"","File":"C:\\xampp\\htdocs\\github-repo\\wp-content\\themes\\salient\\css\\fonts.php","Line":1299}

Dec 19 2024 07:27:09
{"Number":2,"Message":"Undefined array key \"nectar_sidebar_footer_headers_font_style\"","File":"C:\\xampp\\htdocs\\github-repo\\wp-content\\themes\\salient\\css\\fonts.php","Line":1314}

Dec 19 2024 07:27:09
{"Number":8192,"Message":"explode(): Passing null to parameter #2 ($string) of type string is deprecated","File":"C:\\xampp\\htdocs\\github-repo\\wp-content\\themes\\salient\\css\\fonts.php","Line":1314}

Dec 19 2024 07:27:09
{"Number":2,"Message":"Undefined array key \"nectar_sidebar_footer_headers_font_size\"","File":"C:\\xampp\\htdocs\\github-repo\\wp-content\\themes\\salient\\css\\fonts.php","Line":1316}

Dec 19 2024 07:27:09
{"Number":8192,"Message":"substr(): Passing null to parameter #1 ($string) of type string is deprecated","File":"C:\\xampp\\htdocs\\github-repo\\wp-content\\themes\\salient\\css\\fonts.php","Line":1316}

Dec 19 2024 07:27:09
{"Number":2,"Message":"Undefined array key \"nectar_sidebar_footer_headers_font_family\"","File":"C:\\xampp\\htdocs\\github-repo\\wp-content\\themes\\salient\\css\\fonts.php","Line":1318}

Dec 19 2024 07:27:09
{"Number":2,"Message":"Undefined array key \"page_heading_font_style\"","File":"C:\\xampp\\htdocs\\github-repo\\wp-content\\themes\\salient\\css\\fonts.php","Line":1336}

Dec 19 2024 07:27:09
{"Number":8192,"Message":"explode(): Passing null to parameter #2 ($string) of type string is deprecated","File":"C:\\xampp\\htdocs\\github-repo\\wp-content\\themes\\salient\\css\\fonts.php","Line":1336}

Dec 19 2024 07:27:09
{"Number":2,"Message":"Undefined array key \"page_heading_font_size\"","File":"C:\\xampp\\htdocs\\github-repo\\wp-content\\themes\\salient\\css\\fonts.php","Line":1338}

Dec 19 2024 07:27:09
{"Number":8192,"Message":"substr(): Passing null to parameter #1 ($string) of type string is deprecated","File":"C:\\xampp\\htdocs\\github-repo\\wp-content\\themes\\salient\\css\\fonts.php","Line":1338}

Dec 19 2024 07:27:09
{"Number":2,"Message":"Undefined array key \"page_heading_font_family\"","File":"C:\\xampp\\htdocs\\github-repo\\wp-content\\themes\\salient\\css\\fonts.php","Line":1340}

Dec 19 2024 07:27:09
{"Number":2,"Message":"Undefined array key \"page_heading_subtitle_font_style\"","File":"C:\\xampp\\htdocs\\github-repo\\wp-content\\themes\\salient\\css\\fonts.php","Line":1389}

Dec 19 2024 07:27:09
{"Number":8192,"Message":"explode(): Passing null to parameter #2 ($string) of type string is deprecated","File":"C:\\xampp\\htdocs\\github-repo\\wp-content\\themes\\salient\\css\\fonts.php","Line":1389}

Dec 19 2024 07:27:09
{"Number":2,"Message":"Undefined array key \"page_heading_subtitle_font_size\"","File":"C:\\xampp\\htdocs\\github-repo\\wp-content\\themes\\salient\\css\\fonts.php","Line":1391}

Dec 19 2024 07:27:09
{"Number":8192,"Message":"substr(): Passing null to parameter #1 ($string) of type string is deprecated","File":"C:\\xampp\\htdocs\\github-repo\\wp-content\\themes\\salient\\css\\fonts.php","Line":1391}

Dec 19 2024 07:27:09
{"Number":2,"Message":"Undefined array key \"page_heading_subtitle_font_family\"","File":"C:\\xampp\\htdocs\\github-repo\\wp-content\\themes\\salient\\css\\fonts.php","Line":1393}

Dec 19 2024 07:27:09
{"Number":2,"Message":"Undefined array key \"off_canvas_nav_font_style\"","File":"C:\\xampp\\htdocs\\github-repo\\wp-content\\themes\\salient\\css\\fonts.php","Line":1463}

Dec 19 2024 07:27:09
{"Number":8192,"Message":"explode(): Passing null to parameter #2 ($string) of type string is deprecated","File":"C:\\xampp\\htdocs\\github-repo\\wp-content\\themes\\salient\\css\\fonts.php","Line":1463}

Dec 19 2024 07:27:09
{"Number":2,"Message":"Undefined array key \"off_canvas_nav_font_size\"","File":"C:\\xampp\\htdocs\\github-repo\\wp-content\\themes\\salient\\css\\fonts.php","Line":1465}

Dec 19 2024 07:27:09
{"Number":8192,"Message":"substr(): Passing null to parameter #1 ($string) of type string is deprecated","File":"C:\\xampp\\htdocs\\github-repo\\wp-content\\themes\\salient\\css\\fonts.php","Line":1465}

Dec 19 2024 07:27:09
{"Number":2,"Message":"Undefined array key \"off_canvas_nav_font_family\"","File":"C:\\xampp\\htdocs\\github-repo\\wp-content\\themes\\salient\\css\\fonts.php","Line":1467}

Dec 19 2024 07:27:09
{"Number":2,"Message":"Undefined array key \"off_canvas_nav_subtext_font_style\"","File":"C:\\xampp\\htdocs\\github-repo\\wp-content\\themes\\salient\\css\\fonts.php","Line":1517}

Dec 19 2024 07:27:09
{"Number":8192,"Message":"explode(): Passing null to parameter #2 ($string) of type string is deprecated","File":"C:\\xampp\\htdocs\\github-repo\\wp-content\\themes\\salient\\css\\fonts.php","Line":1517}

Dec 19 2024 07:27:09
{"Number":2,"Message":"Undefined array key \"off_canvas_nav_subtext_font_size\"","File":"C:\\xampp\\htdocs\\github-repo\\wp-content\\themes\\salient\\css\\fonts.php","Line":1519}

Dec 19 2024 07:27:09
{"Number":8192,"Message":"substr(): Passing null to parameter #1 ($string) of type string is deprecated","File":"C:\\xampp\\htdocs\\github-repo\\wp-content\\themes\\salient\\css\\fonts.php","Line":1519}

Dec 19 2024 07:27:09
{"Number":2,"Message":"Undefined array key \"off_canvas_nav_subtext_font_family\"","File":"C:\\xampp\\htdocs\\github-repo\\wp-content\\themes\\salient\\css\\fonts.php","Line":1521}

Dec 19 2024 07:27:09
{"Number":2,"Message":"Undefined array key \"nectar_slider_heading_font_style\"","File":"C:\\xampp\\htdocs\\github-repo\\wp-content\\themes\\salient\\css\\fonts.php","Line":1563}

Dec 19 2024 07:27:09
{"Number":8192,"Message":"explode(): Passing null to parameter #2 ($string) of type string is deprecated","File":"C:\\xampp\\htdocs\\github-repo\\wp-content\\themes\\salient\\css\\fonts.php","Line":1563}

Dec 19 2024 07:27:09
{"Number":2,"Message":"Undefined array key \"nectar_slider_heading_font_size\"","File":"C:\\xampp\\htdocs\\github-repo\\wp-content\\themes\\salient\\css\\fonts.php","Line":1564}

Dec 19 2024 07:27:09
{"Number":8192,"Message":"substr(): Passing null to parameter #1 ($string) of type string is deprecated","File":"C:\\xampp\\htdocs\\github-repo\\wp-content\\themes\\salient\\css\\fonts.php","Line":1564}

Dec 19 2024 07:27:09
{"Number":2,"Message":"Undefined array key \"nectar_slider_heading_font_family\"","File":"C:\\xampp\\htdocs\\github-repo\\wp-content\\themes\\salient\\css\\fonts.php","Line":1566}

Dec 19 2024 07:27:09
{"Number":2,"Message":"Undefined array key \"home_slider_caption_font_style\"","File":"C:\\xampp\\htdocs\\github-repo\\wp-content\\themes\\salient\\css\\fonts.php","Line":1617}

Dec 19 2024 07:27:09
{"Number":8192,"Message":"explode(): Passing null to parameter #2 ($string) of type string is deprecated","File":"C:\\xampp\\htdocs\\github-repo\\wp-content\\themes\\salient\\css\\fonts.php","Line":1617}

Dec 19 2024 07:27:09
{"Number":2,"Message":"Undefined array key \"home_slider_caption_font_size\"","File":"C:\\xampp\\htdocs\\github-repo\\wp-content\\themes\\salient\\css\\fonts.php","Line":1618}

Dec 19 2024 07:27:09
{"Number":8192,"Message":"substr(): Passing null to parameter #1 ($string) of type string is deprecated","File":"C:\\xampp\\htdocs\\github-repo\\wp-content\\themes\\salient\\css\\fonts.php","Line":1618}

Dec 19 2024 07:27:09
{"Number":2,"Message":"Undefined array key \"home_slider_caption_font_family\"","File":"C:\\xampp\\htdocs\\github-repo\\wp-content\\themes\\salient\\css\\fonts.php","Line":1620}

Dec 19 2024 07:27:09
{"Number":2,"Message":"Undefined array key \"testimonial_font_style\"","File":"C:\\xampp\\htdocs\\github-repo\\wp-content\\themes\\salient\\css\\fonts.php","Line":1678}

Dec 19 2024 07:27:09
{"Number":8192,"Message":"explode(): Passing null to parameter #2 ($string) of type string is deprecated","File":"C:\\xampp\\htdocs\\github-repo\\wp-content\\themes\\salient\\css\\fonts.php","Line":1678}

Dec 19 2024 07:27:09
{"Number":2,"Message":"Undefined array key \"testimonial_font_size\"","File":"C:\\xampp\\htdocs\\github-repo\\wp-content\\themes\\salient\\css\\fonts.php","Line":1679}

Dec 19 2024 07:27:09
{"Number":8192,"Message":"substr(): Passing null to parameter #1 ($string) of type string is deprecated","File":"C:\\xampp\\htdocs\\github-repo\\wp-content\\themes\\salient\\css\\fonts.php","Line":1679}

Dec 19 2024 07:27:09
{"Number":2,"Message":"Undefined array key \"testimonial_font_family\"","File":"C:\\xampp\\htdocs\\github-repo\\wp-content\\themes\\salient\\css\\fonts.php","Line":1681}

Dec 19 2024 07:27:09
{"Number":2,"Message":"Undefined array key \"nectar_woo_shop_product_title_font_style\"","File":"C:\\xampp\\htdocs\\github-repo\\wp-content\\themes\\salient\\css\\fonts.php","Line":1749}

Dec 19 2024 07:27:09
{"Number":8192,"Message":"explode(): Passing null to parameter #2 ($string) of type string is deprecated","File":"C:\\xampp\\htdocs\\github-repo\\wp-content\\themes\\salient\\css\\fonts.php","Line":1749}

Dec 19 2024 07:27:09
{"Number":2,"Message":"Undefined array key \"nectar_woo_shop_product_title_font_size\"","File":"C:\\xampp\\htdocs\\github-repo\\wp-content\\themes\\salient\\css\\fonts.php","Line":1750}

Dec 19 2024 07:27:09
{"Number":8192,"Message":"substr(): Passing null to parameter #1 ($string) of type string is deprecated","File":"C:\\xampp\\htdocs\\github-repo\\wp-content\\themes\\salient\\css\\fonts.php","Line":1750}

Dec 19 2024 07:27:09
{"Number":2,"Message":"Undefined array key \"nectar_woo_shop_product_title_font_family\"","File":"C:\\xampp\\htdocs\\github-repo\\wp-content\\themes\\salient\\css\\fonts.php","Line":1752}

Dec 19 2024 07:27:09
{"Number":2,"Message":"Undefined array key \"nectar_woo_shop_product_secondary_font_style\"","File":"C:\\xampp\\htdocs\\github-repo\\wp-content\\themes\\salient\\css\\fonts.php","Line":1771}

Dec 19 2024 07:27:09
{"Number":8192,"Message":"explode(): Passing null to parameter #2 ($string) of type string is deprecated","File":"C:\\xampp\\htdocs\\github-repo\\wp-content\\themes\\salient\\css\\fonts.php","Line":1771}

Dec 19 2024 07:27:09
{"Number":2,"Message":"Undefined array key \"nectar_woo_shop_product_secondary_font_size\"","File":"C:\\xampp\\htdocs\\github-repo\\wp-content\\themes\\salient\\css\\fonts.php","Line":1772}

Dec 19 2024 07:27:09
{"Number":8192,"Message":"substr(): Passing null to parameter #1 ($string) of type string is deprecated","File":"C:\\xampp\\htdocs\\github-repo\\wp-content\\themes\\salient\\css\\fonts.php","Line":1772}

Dec 19 2024 07:27:09
{"Number":2,"Message":"Undefined array key \"nectar_woo_shop_product_secondary_font_family\"","File":"C:\\xampp\\htdocs\\github-repo\\wp-content\\themes\\salient\\css\\fonts.php","Line":1774}

Dec 19 2024 07:27:09
{"Number":2,"Message":"Undefined array key \"sidebar_footer_h_font_style\"","File":"C:\\xampp\\htdocs\\github-repo\\wp-content\\themes\\salient\\css\\fonts.php","Line":1809}

Dec 19 2024 07:27:09
{"Number":8192,"Message":"explode(): Passing null to parameter #2 ($string) of type string is deprecated","File":"C:\\xampp\\htdocs\\github-repo\\wp-content\\themes\\salient\\css\\fonts.php","Line":1809}

Dec 19 2024 07:27:09
{"Number":2,"Message":"Undefined array key \"sidebar_footer_h_font_size\"","File":"C:\\xampp\\htdocs\\github-repo\\wp-content\\themes\\salient\\css\\fonts.php","Line":1810}

Dec 19 2024 07:27:09
{"Number":8192,"Message":"substr(): Passing null to parameter #1 ($string) of type string is deprecated","File":"C:\\xampp\\htdocs\\github-repo\\wp-content\\themes\\salient\\css\\fonts.php","Line":1810}

Dec 19 2024 07:27:09
{"Number":2,"Message":"Undefined array key \"sidebar_footer_h_font_family\"","File":"C:\\xampp\\htdocs\\github-repo\\wp-content\\themes\\salient\\css\\fonts.php","Line":1812}

Dec 19 2024 07:27:09
{"Number":2,"Message":"Undefined array key \"team_member_h_font_style\"","File":"C:\\xampp\\htdocs\\github-repo\\wp-content\\themes\\salient\\css\\fonts.php","Line":1937}

Dec 19 2024 07:27:09
{"Number":8192,"Message":"explode(): Passing null to parameter #2 ($string) of type string is deprecated","File":"C:\\xampp\\htdocs\\github-repo\\wp-content\\themes\\salient\\css\\fonts.php","Line":1937}

Dec 19 2024 07:27:09
{"Number":2,"Message":"Undefined array key \"team_member_h_font_size\"","File":"C:\\xampp\\htdocs\\github-repo\\wp-content\\themes\\salient\\css\\fonts.php","Line":1938}

Dec 19 2024 07:27:09
{"Number":8192,"Message":"substr(): Passing null to parameter #1 ($string) of type string is deprecated","File":"C:\\xampp\\htdocs\\github-repo\\wp-content\\themes\\salient\\css\\fonts.php","Line":1938}

Dec 19 2024 07:27:09
{"Number":2,"Message":"Undefined array key \"team_member_h_font_family\"","File":"C:\\xampp\\htdocs\\github-repo\\wp-content\\themes\\salient\\css\\fonts.php","Line":1940}

Dec 19 2024 07:27:09
{"Number":2,"Message":"fopen(C:\\xampp\\htdocs\\github-repo\/wp-content\/themes\/\/css\/salient-dynamic-styles.css): Failed to open stream: No such file or directory","File":"C:\\xampp\\htdocs\\github-repo\\wp-admin\\includes\\class-wp-filesystem-direct.php","Line":66}

Dec 19 2024 07:28:57
{"type":8192,"message":"Creation of dynamic property CSF_Metabox::$page_templates is deprecated","file":"C:\\xampp\\htdocs\\github-repo\\wp-content\\plugins\\aai-essential\\app\\Framework\\classes\\metabox-options.class.php","line":46}

